info t=2015-08-08T01:47:24.161Z loading user theme: /usr/share//themes/Menda-Dark/cinnamon/cinnamon.css
info t=2015-08-08T01:47:24.166Z added icon directory: /usr/share//themes/Menda-Dark/cinnamon/
info t=2015-08-08T01:47:24.234Z loaded at Fri Aug 07 2015 21:47:24 GMT-0400 (EDT)
info t=2015-08-08T01:47:24.465Z Loaded applet menu@cinnamon.org in 230 ms
info t=2015-08-08T01:47:24.469Z Loaded applet show-desktop@cinnamon.org in 2 ms
info t=2015-08-08T01:47:24.479Z Role locked: panellauncher
info t=2015-08-08T01:47:24.492Z Loaded applet panel-launchers@cinnamon.org in 23 ms
info t=2015-08-08T01:47:24.497Z Role locked: windowlist
info t=2015-08-08T01:47:24.497Z Loaded applet window-list@cinnamon.org in 4 ms
info t=2015-08-08T01:47:24.504Z Role locked: notifications
info t=2015-08-08T01:47:24.506Z Loaded applet notifications@cinnamon.org in 8 ms
info t=2015-08-08T01:47:24.519Z Loaded applet user@cinnamon.org in 12 ms
info t=2015-08-08T01:47:24.523Z Loaded applet removable-drives@cinnamon.org in 4 ms
info t=2015-08-08T01:47:24.535Z Loaded applet keyboard@cinnamon.org in 11 ms
info t=2015-08-08T01:47:24.564Z Loaded applet network@cinnamon.org in 27 ms
info t=2015-08-08T01:47:24.602Z Loaded applet sound@cinnamon.org in 37 ms
info t=2015-08-08T01:47:24.609Z Loaded applet power@cinnamon.org in 6 ms
info t=2015-08-08T01:47:24.613Z Loaded applet systray@cinnamon.org in 3 ms
info t=2015-08-08T01:47:24.623Z Loaded applet calendar@cinnamon.org in 9 ms
info t=2015-08-08T01:47:24.628Z Loaded applet windows-quick-list@cinnamon.org in 4 ms
info t=2015-08-08T01:47:24.649Z Loaded applet xrandr@cinnamon.org in 20 ms
info t=2015-08-08T01:47:24.654Z Loaded applet recent@cinnamon.org in 4 ms
info t=2015-08-08T01:47:24.658Z Loaded applet expo@cinnamon.org in 3 ms
info t=2015-08-08T01:47:24.663Z Loaded applet spacer@cinnamon.org in 4 ms
info t=2015-08-08T01:47:24.673Z Loaded applet temperature@fevimu in 10 ms
info t=2015-08-08T01:47:24.678Z Loaded desklet clock@cinnamon.org in 4 ms
info t=2015-08-08T01:47:24.702Z Loaded desklet launcher@cinnamon.org in 24 ms
info t=2015-08-08T01:48:28.020Z Adding systray: google-chrome-stable (20x20px)
